TN:
SF:C:\Users\user\QuickCredit\server/index.js
FN:17,(anonymous_1)
FN:22,(anonymous_2)
FNF:2
FNH:1
FNDA:0,(anonymous_1)
FNDA:1,(anonymous_2)
DA:1,1
DA:2,1
DA:3,1
DA:4,1
DA:5,1
DA:6,1
DA:7,1
DA:9,1
DA:10,1
DA:13,1
DA:14,1
DA:15,1
DA:17,1
DA:19,1
DA:21,1
DA:22,1
DA:25,1
LF:17
LH:17
BRDA:21,0,0,1
BRDA:21,0,1,1
BRF:2
BRH:2
end_of_record
TN:
SF:C:\Users\user\QuickCredit\server\controllers/loansControler.js
FN:8,getAllLoans
FN:16,applyForLoan
FN:24,(anonymous_3)
FN:28,(anonymous_4)
FN:32,(anonymous_5)
FN:45,approveLoan
FN:54,(anonymous_7)
FN:59,(anonymous_8)
FN:69,(anonymous_9)
FN:75,loansListByStatus
FN:77,(anonymous_11)
FN:84,arePaidLoans
FN:86,(anonymous_13)
FNF:13
FNH:2
FNDA:1,getAllLoans
FNDA:6,applyForLoan
FNDA:0,(anonymous_3)
FNDA:0,(anonymous_4)
FNDA:0,(anonymous_5)
FNDA:0,approveLoan
FNDA:0,(anonymous_7)
FNDA:0,(anonymous_8)
FNDA:0,(anonymous_9)
FNDA:0,loansListByStatus
FNDA:0,(anonymous_11)
FNDA:0,arePaidLoans
FNDA:0,(anonymous_13)
DA:1,1
DA:2,1
DA:3,1
DA:4,1
DA:5,1
DA:7,1
DA:9,1
DA:10,1
DA:12,0
DA:16,6
DA:19,6
DA:21,6
DA:22,6
DA:24,0
DA:25,0
DA:26,0
DA:28,0
DA:29,0
DA:30,0
DA:32,0
DA:34,0
DA:35,0
DA:37,0
DA:40,0
DA:41,0
DA:45,0
DA:49,0
DA:50,0
DA:51,0
DA:54,0
DA:55,0
DA:56,0
DA:59,0
DA:60,0
DA:61,0
DA:64,0
DA:69,0
DA:71,0
DA:72,0
DA:77,0
DA:79,0
DA:80,0
DA:82,0
DA:86,0
DA:88,0
DA:89,0
DA:91,0
DA:97,1
LF:48
LH:13
BRDA:9,0,0,1
BRDA:9,0,1,0
BRDA:21,1,0,6
BRDA:21,1,1,0
BRDA:24,2,0,0
BRDA:24,2,1,0
BRDA:24,2,2,0
BRDA:25,3,0,0
BRDA:25,3,1,0
BRDA:28,4,0,0
BRDA:28,4,1,0
BRDA:29,5,0,0
BRDA:29,5,1,0
BRDA:32,6,0,0
BRDA:32,6,1,0
BRDA:34,7,0,0
BRDA:34,7,1,0
BRDA:50,8,0,0
BRDA:50,8,1,0
BRDA:54,9,0,0
BRDA:54,9,1,0
BRDA:54,9,2,0
BRDA:55,10,0,0
BRDA:55,10,1,0
BRDA:59,11,0,0
BRDA:59,11,1,0
BRDA:60,12,0,0
BRDA:60,12,1,0
BRDA:79,13,0,0
BRDA:79,13,1,0
BRDA:88,14,0,0
BRDA:88,14,1,0
BRF:32
BRH:2
end_of_record
TN:
SF:C:\Users\user\QuickCredit\server\controllers/repaymentsControler.js
FN:10,getAllRepayments
FN:18,repayLoan
FN:27,(anonymous_3)
FN:32,(anonymous_4)
FN:44,repaymentsHistory
FN:45,(anonymous_6)
FNF:6
FNH:0
FNDA:0,getAllRepayments
FNDA:0,repayLoan
FNDA:0,(anonymous_3)
FNDA:0,(anonymous_4)
FNDA:0,repaymentsHistory
FNDA:0,(anonymous_6)
DA:1,1
DA:2,1
DA:3,1
DA:4,1
DA:5,1
DA:6,1
DA:7,1
DA:9,1
DA:11,0
DA:12,0
DA:14,0
DA:18,0
DA:21,0
DA:23,0
DA:24,0
DA:27,0
DA:29,0
DA:30,0
DA:32,0
DA:34,0
DA:35,0
DA:37,0
DA:40,0
DA:41,0
DA:45,0
DA:47,0
DA:48,0
DA:50,0
DA:56,1
LF:29
LH:9
BRDA:11,0,0,0
BRDA:11,0,1,0
BRDA:23,1,0,0
BRDA:23,1,1,0
BRDA:27,2,0,0
BRDA:27,2,1,0
BRDA:29,3,0,0
BRDA:29,3,1,0
BRDA:32,4,0,0
BRDA:32,4,1,0
BRDA:34,5,0,0
BRDA:34,5,1,0
BRDA:47,6,0,0
BRDA:47,6,1,0
BRF:14
BRH:0
end_of_record
TN:
SF:C:\Users\user\QuickCredit\server\controllers/usersControler.js
FN:8,getAllUsers
FN:16,signUp
FN:24,(anonymous_3)
FN:37,logIn
FN:45,(anonymous_5)
FN:64,verifyUser
FN:72,(anonymous_7)
FN:79,(anonymous_8)
FN:93,(anonymous_9)
FNF:9
FNH:4
FNDA:2,getAllUsers
FNDA:4,signUp
FNDA:0,(anonymous_3)
FNDA:3,logIn
FNDA:2,(anonymous_5)
FNDA:0,verifyUser
FNDA:0,(anonymous_7)
FNDA:0,(anonymous_8)
FNDA:0,(anonymous_9)
DA:1,1
DA:2,1
DA:3,1
DA:4,1
DA:5,1
DA:7,1
DA:9,2
DA:10,0
DA:12,2
DA:16,4
DA:19,4
DA:21,4
DA:22,3
DA:24,1
DA:26,1
DA:27,0
DA:29,1
DA:32,1
DA:33,1
DA:37,3
DA:39,3
DA:40,3
DA:41,1
DA:45,2
DA:46,2
DA:47,0
DA:51,2
DA:52,2
DA:53,1
DA:57,1
DA:59,1
DA:60,1
DA:64,0
DA:67,0
DA:68,0
DA:69,0
DA:72,0
DA:73,0
DA:74,0
DA:79,0
DA:80,0
DA:81,0
DA:83,0
DA:84,0
DA:88,0
DA:93,0
DA:95,0
DA:96,0
DA:102,1
LF:49
LH:30
BRDA:9,0,0,0
BRDA:9,0,1,2
BRDA:21,1,0,3
BRDA:21,1,1,1
BRDA:26,2,0,0
BRDA:26,2,1,1
BRDA:40,3,0,1
BRDA:40,3,1,2
BRDA:46,4,0,0
BRDA:46,4,1,2
BRDA:52,5,0,1
BRDA:52,5,1,1
BRDA:68,6,0,0
BRDA:68,6,1,0
BRDA:72,7,0,0
BRDA:72,7,1,0
BRDA:72,7,2,0
BRDA:73,8,0,0
BRDA:73,8,1,0
BRDA:80,9,0,0
BRDA:80,9,1,0
BRDA:83,10,0,0
BRDA:83,10,1,0
BRF:23
BRH:9
end_of_record
TN:
SF:C:\Users\user\QuickCredit\server\helpers/validateLoan.js
FN:5,(anonymous_1)
FN:21,(anonymous_2)
FNF:2
FNH:1
FNDA:6,(anonymous_1)
FNDA:0,(anonymous_2)
DA:2,1
DA:5,1
DA:7,6
DA:17,6
DA:21,1
DA:23,0
DA:28,0
LF:7
LH:5
BRF:0
BRH:0
end_of_record
TN:
SF:C:\Users\user\QuickCredit\server\helpers/validateRepayment.js
FN:4,(anonymous_1)
FNF:1
FNH:0
FNDA:0,(anonymous_1)
DA:1,1
DA:4,1
DA:6,0
DA:11,0
LF:4
LH:2
BRF:0
BRH:0
end_of_record
TN:
SF:C:\Users\user\QuickCredit\server\helpers/validateUser.js
FN:4,(anonymous_1)
FN:13,(anonymous_2)
FN:29,(anonymous_3)
FNF:3
FNH:2
FNDA:3,(anonymous_1)
FNDA:4,(anonymous_2)
FNDA:0,(anonymous_3)
DA:2,1
DA:4,1
DA:6,3
DA:10,3
DA:13,1
DA:15,4
DA:25,4
DA:29,1
DA:31,0
DA:36,0
LF:10
LH:8
BRF:0
BRH:0
end_of_record
TN:
SF:C:\Users\user\QuickCredit\server\models/loans.js
FN:3,loans
FNF:1
FNH:1
FNDA:1,loans
DA:1,1
DA:3,1
DA:4,1
DA:8,0
DA:20,0
DA:21,0
DA:25,1
LF:7
LH:4
BRF:0
BRH:0
end_of_record
TN:
SF:C:\Users\user\QuickCredit\server\models/repayments.js
FN:4,repayments
FN:16,(anonymous_7)
FNF:2
FNH:1
FNDA:1,repayments
FNDA:0,(anonymous_7)
DA:1,1
DA:2,1
DA:4,1
DA:5,1
DA:9,0
DA:16,0
DA:18,0
DA:19,0
DA:21,0
DA:24,0
DA:25,0
DA:30,1
LF:12
LH:5
BRDA:18,0,0,0
BRDA:18,0,1,0
BRF:2
BRH:0
end_of_record
TN:
SF:C:\Users\user\QuickCredit\server\models/users.js
FN:3,users
FNF:1
FNH:1
FNDA:1,users
DA:1,1
DA:3,1
DA:4,1
DA:8,1
DA:19,1
DA:20,1
DA:24,1
LF:7
LH:7
BRF:0
BRH:0
end_of_record
TN:
SF:C:\Users\user\QuickCredit\server\routes/AllRoutes.js
FNF:0
FNH:0
DA:1,1
DA:2,1
DA:5,1
DA:6,1
DA:7,1
DA:10,1
DA:11,1
DA:12,1
DA:13,1
DA:15,1
DA:16,1
DA:17,1
DA:18,1
DA:19,1
DA:21,1
DA:22,1
DA:23,1
DA:25,1
LF:18
LH:18
BRF:0
BRH:0
end_of_record
